  [1m[36m (121.9ms)[0m  [1mCREATE TABLE `schema_migrations` (`version` varchar(255) NOT NULL) ENGINE=InnoDB[0m
  [1m[35m (133.4ms)[0m  CREATE UNIQUE INDEX `unique_schema_migrations`  ON `schema_migrations` (`version`) 
  [1m[36mActiveRecord::SchemaMigration Load (0.2ms)[0m  [1mSELECT `schema_migrations`.* FROM `schema_migrations`[0m
Migrating to CreateProducts (20160607015111)
  [1m[35m (152.7ms)[0m  CREATE TABLE `products` (`id` int(11) auto_increment PRIMARY KEY, `name` varchar(255), `price` int(11), `description` text, `created_at` datetime NOT NULL, `updated_at` datetime NOT NULL) ENGINE=InnoDB
  [1m[36m (0.2ms)[0m  [1mBEGIN[0m
  [1m[35mSQL (0.2ms)[0m  INSERT INTO `schema_migrations` (`version`) VALUES ('20160607015111')
  [1m[36m (0.5ms)[0m  [1mCOMMIT[0m
  [1m[35mActiveRecord::SchemaMigration Load (0.3ms)[0m  SELECT `schema_migrations`.* FROM `schema_migrations`
  [1m[36m (0.3ms)[0m  [1mSELECT fk.referenced_table_name as 'to_table'
      ,fk.referenced_column_name as 'primary_key'
      ,fk.column_name as 'column'
      ,fk.constraint_name as 'name'
FROM information_schema.key_column_usage fk
WHERE fk.referenced_column_name is not null
  AND fk.table_schema = 'linkedin_development'
  AND fk.table_name = 'products'
[0m
  [1m[35m (0.2ms)[0m  SHOW CREATE TABLE `products`
  [1m[36mActiveRecord::SchemaMigration Load (0.2ms)[0m  [1mSELECT `schema_migrations`.* FROM `schema_migrations`[0m
Migrating to DeviseCreateUsers (20160607015816)
  [1m[35m (122.4ms)[0m  CREATE TABLE `users` (`id` int(11) auto_increment PRIMARY KEY, `email` varchar(255) DEFAULT '' NOT NULL, `encrypted_password` varchar(255) DEFAULT '' NOT NULL, `reset_password_token` varchar(255), `reset_password_sent_at` datetime, `remember_created_at` datetime, `sign_in_count` int(11) DEFAULT 0 NOT NULL, `current_sign_in_at` datetime, `last_sign_in_at` datetime, `current_sign_in_ip` varchar(255), `last_sign_in_ip` varchar(255), `created_at` datetime NOT NULL, `updated_at` datetime NOT NULL) ENGINE=InnoDB
  [1m[36m (262.1ms)[0m  [1mCREATE UNIQUE INDEX `index_users_on_email`  ON `users` (`email`) [0m
  [1m[35m (227.2ms)[0m  CREATE UNIQUE INDEX `index_users_on_reset_password_token`  ON `users` (`reset_password_token`) 
  [1m[36m (0.2ms)[0m  [1mBEGIN[0m
  [1m[35mSQL (0.2ms)[0m  INSERT INTO `schema_migrations` (`version`) VALUES ('20160607015816')
  [1m[36m (0.4ms)[0m  [1mCOMMIT[0m
  [1m[35mActiveRecord::SchemaMigration Load (0.2ms)[0m  SELECT `schema_migrations`.* FROM `schema_migrations`
  [1m[36m (0.2ms)[0m  [1mSELECT fk.referenced_table_name as 'to_table'
      ,fk.referenced_column_name as 'primary_key'
      ,fk.column_name as 'column'
      ,fk.constraint_name as 'name'
FROM information_schema.key_column_usage fk
WHERE fk.referenced_column_name is not null
  AND fk.table_schema = 'linkedin_development'
  AND fk.table_name = 'products'
[0m
  [1m[35m (0.1ms)[0m  SHOW CREATE TABLE `products`
  [1m[36m (0.2ms)[0m  [1mSELECT fk.referenced_table_name as 'to_table'
      ,fk.referenced_column_name as 'primary_key'
      ,fk.column_name as 'column'
      ,fk.constraint_name as 'name'
FROM information_schema.key_column_usage fk
WHERE fk.referenced_column_name is not null
  AND fk.table_schema = 'linkedin_development'
  AND fk.table_name = 'users'
[0m
  [1m[35m (0.1ms)[0m  SHOW CREATE TABLE `users`
  [1m[36mActiveRecord::SchemaMigration Load (0.3ms)[0m  [1mSELECT `schema_migrations`.* FROM `schema_migrations`[0m
Migrating to AddColumnsToUsers (20160607015901)
  [1m[35m (139.9ms)[0m  ALTER TABLE `users` ADD `provider` varchar(255)
  [1m[36m (195.6ms)[0m  [1mALTER TABLE `users` ADD `uid` varchar(255)[0m
  [1m[35m (0.1ms)[0m  BEGIN
  [1m[36mSQL (0.2ms)[0m  [1mINSERT INTO `schema_migrations` (`version`) VALUES ('20160607015901')[0m
  [1m[35m (0.4ms)[0m  COMMIT
  [1m[36mActiveRecord::SchemaMigration Load (0.2ms)[0m  [1mSELECT `schema_migrations`.* FROM `schema_migrations`[0m
  [1m[35m (0.2ms)[0m  SELECT fk.referenced_table_name as 'to_table'
      ,fk.referenced_column_name as 'primary_key'
      ,fk.column_name as 'column'
      ,fk.constraint_name as 'name'
FROM information_schema.key_column_usage fk
WHERE fk.referenced_column_name is not null
  AND fk.table_schema = 'linkedin_development'
  AND fk.table_name = 'products'

  [1m[36m (0.2ms)[0m  [1mSHOW CREATE TABLE `products`[0m
  [1m[35m (0.2ms)[0m  SELECT fk.referenced_table_name as 'to_table'
      ,fk.referenced_column_name as 'primary_key'
      ,fk.column_name as 'column'
      ,fk.constraint_name as 'name'
FROM information_schema.key_column_usage fk
WHERE fk.referenced_column_name is not null
  AND fk.table_schema = 'linkedin_development'
  AND fk.table_name = 'users'

  [1m[36m (0.1ms)[0m  [1mSHOW CREATE TABLE `users`[0m


Started GET "/" for ::1 at 2016-06-07 10:03:48 +0800
  [1m[36mActiveRecord::SchemaMigration Load (0.3ms)[0m  [1mSELECT `schema_migrations`.* FROM `schema_migrations`[0m
Processing by ProductsController#index as HTML
Completed 401 Unauthorized in 32ms (ActiveRecord: 0.0ms)


Started GET "/users/sign_in" for ::1 at 2016-06-07 10:03:49 +0800
Processing by Devise::SessionsController#new as HTML
  Rendered /Users/francisgonzales/.rvm/gems/ruby-2.3.0/gems/devise-4.1.1/app/views/devise/shared/_links.html.erb (2.4ms)
  Rendered /Users/francisgonzales/.rvm/gems/ruby-2.3.0/gems/devise-4.1.1/app/views/devise/sessions/new.html.erb within layouts/application (41.7ms)
Completed 200 OK in 1006ms (Views: 976.6ms | ActiveRecord: 2.2ms)


Started GET "/" for ::1 at 2016-06-07 10:03:50 +0800
Processing by ProductsController#index as HTML
Completed 401 Unauthorized in 1ms (ActiveRecord: 0.0ms)


Started GET "/users/sign_in" for ::1 at 2016-06-07 10:03:50 +0800
Processing by Devise::SessionsController#new as HTML
  Rendered /Users/francisgonzales/.rvm/gems/ruby-2.3.0/gems/devise-4.1.1/app/views/devise/shared/_links.html.erb (0.6ms)
  Rendered /Users/francisgonzales/.rvm/gems/ruby-2.3.0/gems/devise-4.1.1/app/views/devise/sessions/new.html.erb within layouts/application (6.0ms)
Completed 200 OK in 46ms (Views: 44.4ms | ActiveRecord: 0.0ms)


Started GET "/assets/scaffolds.self-54255838d73b9d0cd50f1b6a61089fd18189984b897b97d49f3646545b17efc5.css?body=1" for ::1 at 2016-06-07 10:03:50 +0800


Started GET "/users/auth/linkedin" for ::1 at 2016-06-07 10:03:52 +0800


Started GET "/users/auth/linkedin" for ::1 at 2016-06-07 10:03:54 +0800


Started GET "/users/auth/linkedin/callback?oauth_token=75--ac64ed76-ab9e-4128-b9e2-f194dd9a833f&oauth_verifier=32814" for ::1 at 2016-06-07 10:05:02 +0800
Processing by CallbacksController#linkedin as HTML
  Parameters: {"oauth_token"=>"75--ac64ed76-ab9e-4128-b9e2-f194dd9a833f", "oauth_verifier"=>"32814"}
  [1m[35mUser Load (0.4ms)[0m  SELECT  `users`.* FROM `users` WHERE `users`.`provider` = 'linkedin' AND `users`.`uid` = 'FgIEQprlLF'  ORDER BY `users`.`id` ASC LIMIT 1
  [1m[36m (0.2ms)[0m  [1mBEGIN[0m
  [1m[35mUser Exists (0.4ms)[0m  SELECT  1 AS one FROM `users` WHERE `users`.`email` = BINARY 'francisgonzales.private@gmail.com' LIMIT 1
  [1m[36mSQL (0.3ms)[0m  [1mINSERT INTO `users` (`provider`, `uid`, `email`, `encrypted_password`, `created_at`, `updated_at`) VALUES ('linkedin', 'FgIEQprlLF', 'francisgonzales.private@gmail.com', '$2a$10$DIw2Q8gEaI85thTPwHMSieupNgAy8k3ww2eUOnFITfCzn6yyypE42', '2016-06-07 02:05:04', '2016-06-07 02:05:04')[0m
  [1m[35m (0.5ms)[0m  COMMIT
  [1m[36m (0.1ms)[0m  [1mBEGIN[0m
  [1m[35mSQL (0.4ms)[0m  UPDATE `users` SET `last_sign_in_at` = '2016-06-07 02:05:04', `current_sign_in_at` = '2016-06-07 02:05:04', `last_sign_in_ip` = '::1', `current_sign_in_ip` = '::1', `sign_in_count` = 1, `updated_at` = '2016-06-07 02:05:04' WHERE `users`.`id` = 1
  [1m[36m (0.4ms)[0m  [1mCOMMIT[0m
Redirected to http://localhost:3000/
Completed 302 Found in 185ms (ActiveRecord: 2.6ms)


Started GET "/" for ::1 at 2016-06-07 10:05:04 +0800
Processing by ProductsController#index as HTML
  [1m[35mUser Load (0.3ms)[0m  SELECT  `users`.* FROM `users` WHERE `users`.`id` = 1  ORDER BY `users`.`id` ASC LIMIT 1
  [1m[36mProduct Load (0.3ms)[0m  [1mSELECT `products`.* FROM `products`[0m
  Rendered products/index.html.erb within layouts/application (4.2ms)
Completed 200 OK in 31ms (Views: 25.5ms | ActiveRecord: 2.3ms)
